<?xml version="1.0" encoding="UTF-8"?>
<!-- Generated by org.testng.reporters.JUnitReportReporter -->
<testsuite skipped="0" hostname="DESKTOP-8313LRD" name="com.actitime.timetrack.ValidLoginTest" tests="1" failures="0" timestamp="2020-08-13T08:32:24 PDT" time="6.967" errors="0">
  <testcase name="validLogin" time="6.967" classname="com.actitime.timetrack.ValidLoginTest"/>
</testsuite> <!-- com.actitime.timetrack.ValidLoginTest -->
