<?xml version="1.0" encoding="UTF-8"?>
<!-- Generated by org.testng.reporters.JUnitReportReporter -->
<testsuite skipped="0" hostname="DESKTOP-8313LRD" name="com.actitime.users.CreateUsersTest" tests="1" failures="0" timestamp="2020-08-15T11:58:02 PDT" time="17.173" errors="0">
  <testcase name="CreateNewUser" time="17.173" classname="com.actitime.users.CreateUsersTest"/>
</testsuite> <!-- com.actitime.users.CreateUsersTest -->
